::1 - - [01/Feb/2024:00:34:18 +0000] "OPTIONS /dulce/obtenerCategorias HTTP/1.1" 204 0
::1 - - [01/Feb/2024:00:34:18 +0000] "OPTIONS /dulce/obtenerProductos HTTP/1.1" 204 0
::1 - - [01/Feb/2024:00:34:18 +0000] "OPTIONS /dulce/perfil HTTP/1.1" 204 0
::1 - - [01/Feb/2024:00:34:18 +0000] "GET /dulce/perfil HTTP/1.1" 200 54
::1 - - [01/Feb/2024:00:34:18 +0000] "GET /dulce/obtenerCategorias HTTP/1.1" 200 86
::1 - - [01/Feb/2024:00:34:18 +0000] "GET /dulce/obtenerProductos HTTP/1.1" 200 4376
::1 - - [01/Feb/2024:00:35:58 +0000] "OPTIONS /dulce/autenticar HTTP/1.1" 204 0
::1 - - [01/Feb/2024:00:35:58 +0000] "POST /dulce/autenticar HTTP/1.1" 200 216
::1 - - [01/Feb/2024:00:36:10 +0000] "OPTIONS /dulce/perfil HTTP/1.1" 204 0
::1 - - [01/Feb/2024:00:36:10 +0000] "GET /dulce/perfil HTTP/1.1" 304 -
::1 - - [01/Feb/2024:00:36:17 +0000] "OPTIONS /dulce/perfil HTTP/1.1" 204 0
::1 - - [01/Feb/2024:00:36:17 +0000] "GET /dulce/perfil HTTP/1.1" 304 -
::1 - - [01/Feb/2024:00:36:19 +0000] "GET /dulce/perfil HTTP/1.1" 304 -
::1 - - [01/Feb/2024:00:36:42 +0000] "OPTIONS /dulce/perfil HTTP/1.1" 204 0
::1 - - [01/Feb/2024:00:36:43 +0000] "GET /dulce/perfil HTTP/1.1" 304 -
::1 - - [01/Feb/2024:00:36:50 +0000] "OPTIONS /dulce/perfil HTTP/1.1" 204 0
::1 - - [01/Feb/2024:00:36:50 +0000] "GET /dulce/perfil HTTP/1.1" 304 -
::1 - - [01/Feb/2024:00:37:09 +0000] "OPTIONS /dulce/perfil HTTP/1.1" 204 0
::1 - - [01/Feb/2024:00:37:09 +0000] "GET /dulce/perfil HTTP/1.1" 304 -
::1 - - [01/Feb/2024:00:37:21 +0000] "OPTIONS /dulce/perfil HTTP/1.1" 204 0
::1 - - [01/Feb/2024:00:37:21 +0000] "GET /dulce/perfil HTTP/1.1" 304 -
::1 - - [01/Feb/2024:00:37:33 +0000] "OPTIONS /dulce/obtenerCategorias HTTP/1.1" 204 0
::1 - - [01/Feb/2024:00:37:33 +0000] "OPTIONS /dulce/obtenerProductos HTTP/1.1" 204 0
::1 - - [01/Feb/2024:00:37:33 +0000] "GET /dulce/obtenerCategorias HTTP/1.1" 304 -
::1 - - [01/Feb/2024:00:37:33 +0000] "GET /dulce/obtenerProductos HTTP/1.1" 304 -
::1 - - [01/Feb/2024:00:37:39 +0000] "OPTIONS /dulce/obtenerCategorias HTTP/1.1" 204 0
::1 - - [01/Feb/2024:00:37:39 +0000] "OPTIONS /dulce/obtenerProductos HTTP/1.1" 204 0
::1 - - [01/Feb/2024:00:37:39 +0000] "OPTIONS /dulce/perfil HTTP/1.1" 204 0
::1 - - [01/Feb/2024:00:37:39 +0000] "GET /dulce/perfil HTTP/1.1" 304 -
::1 - - [01/Feb/2024:00:37:39 +0000] "GET /dulce/obtenerCategorias HTTP/1.1" 304 -
::1 - - [01/Feb/2024:00:37:39 +0000] "GET /dulce/obtenerProductos HTTP/1.1" 304 -
::1 - - [01/Feb/2024:00:37:53 +0000] "OPTIONS /dulce/obtenerCategorias HTTP/1.1" 204 0
::1 - - [01/Feb/2024:00:37:53 +0000] "OPTIONS /dulce/obtenerProductos HTTP/1.1" 204 0
::1 - - [01/Feb/2024:00:37:53 +0000] "OPTIONS /dulce/perfil HTTP/1.1" 204 0
::1 - - [01/Feb/2024:00:37:53 +0000] "GET /dulce/perfil HTTP/1.1" 304 -
::1 - - [01/Feb/2024:00:37:53 +0000] "GET /dulce/obtenerCategorias HTTP/1.1" 304 -
::1 - - [01/Feb/2024:00:37:53 +0000] "GET /dulce/obtenerProductos HTTP/1.1" 304 -
::1 - - [01/Feb/2024:00:38:47 +0000] "OPTIONS /dulce/obtenerCategorias HTTP/1.1" 204 0
::1 - - [01/Feb/2024:00:38:47 +0000] "OPTIONS /dulce/obtenerProductos HTTP/1.1" 204 0
::1 - - [01/Feb/2024:00:38:47 +0000] "OPTIONS /dulce/perfil HTTP/1.1" 204 0
::1 - - [01/Feb/2024:00:38:47 +0000] "GET /dulce/perfil HTTP/1.1" 304 -
::1 - - [01/Feb/2024:00:38:47 +0000] "GET /dulce/obtenerCategorias HTTP/1.1" 304 -
::1 - - [01/Feb/2024:00:38:47 +0000] "GET /dulce/obtenerProductos HTTP/1.1" 304 -
::1 - - [01/Feb/2024:00:38:55 +0000] "OPTIONS /dulce/obtenerCategorias HTTP/1.1" 204 0
::1 - - [01/Feb/2024:00:38:55 +0000] "OPTIONS /dulce/obtenerProductos HTTP/1.1" 204 0
::1 - - [01/Feb/2024:00:38:55 +0000] "OPTIONS /dulce/perfil HTTP/1.1" 204 0
::1 - - [01/Feb/2024:00:38:55 +0000] "GET /dulce/perfil HTTP/1.1" 304 -
::1 - - [01/Feb/2024:00:38:55 +0000] "GET /dulce/obtenerCategorias HTTP/1.1" 304 -
::1 - - [01/Feb/2024:00:38:55 +0000] "GET /dulce/obtenerProductos HTTP/1.1" 304 -
::1 - - [05/Mar/2024:15:56:47 +0000] "GET / HTTP/1.1" 200 40
::1 - - [05/Mar/2024:15:58:11 +0000] "POST /telo/obtenerInfirmacion HTTP/1.1" 404 163
::1 - - [05/Mar/2024:15:58:28 +0000] "POST /telo/obtenerInformacion HTTP/1.1" 404 163
::1 - - [05/Mar/2024:15:58:50 +0000] "POST /telo/obtenerInformacion HTTP/1.1" 200 141
::1 - - [05/Mar/2024:15:58:55 +0000] "POST /telo/obtenerInformacion HTTP/1.1" 200 141
::1 - - [05/Mar/2024:16:00:37 +0000] "POST /telo/obtenerInformacion HTTP/1.1" 200 178
::1 - - [05/Mar/2024:16:00:39 +0000] "POST /telo/obtenerInformacion HTTP/1.1" 200 304
